#
# There is insufficient memory for the Java Runtime Environment to continue.
# Native memory allocation (malloc) failed to allocate 699968 bytes for Chunk::new
# Possible reasons:
#   The system is out of physical RAM or swap space
#   The process is running with CompressedOops enabled, and the Java Heap may be blocking the growth of the native heap
# Possible solutions:
#   Reduce memory load on the system
#   Increase physical memory or swap space
#   Check if swap backing store is full
#   Decrease Java heap size (-Xmx/-Xms)
#   Decrease number of Java threads
#   Decrease Java thread stack sizes (-Xss)
#   Set larger code cache with -XX:ReservedCodeCacheSize=
#   JVM is running with Unscaled Compressed Oops mode in which the Java heap is
#     placed in the first 4GB address space. The Java Heap base address is the
#     maximum limit for the native heap growth. Please use -XX:HeapBaseMinAddress
#     to set the Java Heap base and to place the Java Heap above 4GB virtual address.
# This output file may be truncated or incomplete.
#
#  Out of Memory Error (arena.cpp:189), pid=38884, tid=13016
#
# JRE version: OpenJDK Runtime Environment Temurin-17.0.2+8 (17.0.2+8) (build 17.0.2+8)
# Java VM: OpenJDK 64-Bit Server VM Temurin-17.0.2+8 (17.0.2+8, mixed mode, tiered, compressed oops, compressed class ptrs, parallel gc, windows-amd64)
# No core dump will be written. Minidumps are not enabled by default on client versions of Windows
#

---------------  S U M M A R Y ------------

Command Line: --add-modules=ALL-SYSTEM --add-opens=java.base/java.util=ALL-UNNAMED --add-opens=java.base/java.lang=ALL-UNNAMED --add-opens=java.base/sun.nio.fs=ALL-UNNAMED -Declipse.application=org.eclipse.jdt.ls.core.id1 -Dosgi.bundles.defaultStartLevel=4 -Declipse.product=org.eclipse.jdt.ls.core.product -Djava.import.generatesMetadataFilesAtProjectRoot=false -Dfile.encoding=utf8 -DwatchParentProcess=false -XX:+UseParallelGC -XX:GCTimeRatio=4 -XX:AdaptiveSizePolicyWeight=90 -Dsun.zip.disableMemoryMapping=true -Xmx1G -Xms100m -XX:+HeapDumpOnOutOfMemoryError -XX:HeapDumpPath=c:\Users\lauri\AppData\Roaming\Code\User\workspaceStorage\e2ebd7e37644e5886e7b1f6496473b5b\redhat.java c:\Users\lauri\.vscode\extensions\redhat.java-1.4.0\server\plugins\org.eclipse.equinox.launcher_1.6.400.v20210924-0641.jar -configuration c:\Users\lauri\AppData\Roaming\Code\User\globalStorage\redhat.java\1.4.0\config_win -data c:\Users\lauri\AppData\Roaming\Code\User\workspaceStorage\e2ebd7e37644e5886e7b1f6496473b5b\redhat.java\jdt_ws

Host: AMD Ryzen 5 3450U with Radeon Vega Mobile Gfx  , 8 cores, 5G,  Windows 11 , 64 bit Build 22000 (10.0.22000.434)
Time: Thu Mar 31 17:28:21 2022 Hora est. Pacífico, Sudamérica elapsed time: 5.616628 seconds (0d 0h 0m 5s)

---------------  T H R E A D  ---------------

Current thread (0x0000026953d74910):  JavaThread "C2 CompilerThread0" daemon [_thread_in_native, id=13016, stack(0x000000cf7cf00000,0x000000cf7d000000)]


Current CompileTask:
C2:   5616 2547       4       java.io.WinNTFileSystem::normalize (143 bytes)

Stack: [0x000000cf7cf00000,0x000000cf7d000000]
Native frames: (J=compiled Java code, j=interpreted, Vv=VM code, C=native code)
V  [jvm.dll+0x67564a]
V  [jvm.dll+0x82fc04]
V  [jvm.dll+0x8313ae]
V  [jvm.dll+0x831a13]
V  [jvm.dll+0x245235]
V  [jvm.dll+0xabd7b]
V  [jvm.dll+0xac30c]
V  [jvm.dll+0x3631f7]
V  [jvm.dll+0x32d891]
V  [jvm.dll+0x32cd3a]
V  [jvm.dll+0x2180d1]
V  [jvm.dll+0x2174f1]
V  [jvm.dll+0x1a3a8d]
V  [jvm.dll+0x226ef8]
V  [jvm.dll+0x22503c]
V  [jvm.dll+0x7e596b]
V  [jvm.dll+0x7dff2a]
V  [jvm.dll+0x6744d5]
C  [ucrtbase.dll+0x26c0c]
C  [KERNEL32.DLL+0x154e0]
C  [ntdll.dll+0x485b]


---------------  P R O C E S S  ---------------

Threads class SMR info:
_java_thread_list=0x0000026956acbe40, length=23, elements={
0x000002693e3e5e10, 0x0000026952254030, 0x0000026952254ea0, 0x0000026953d47270,
0x000002695225e2d0, 0x0000026953d6f020, 0x0000026953d70080, 0x0000026953d74910,
0x0000026953d75a60, 0x0000026953d81b70, 0x00000269520e04a0, 0x0000026954014c70,
0x0000026954d549c0, 0x00000269554ad750, 0x00000269554b0040, 0x00000269551cf1e0,
0x00000269552782c0, 0x00000269565cb040, 0x000002695664b090, 0x00000269567eaa10,
0x00000269567ea070, 0x00000269567eb3b0, 0x00000269567ebd50
}

Java Threads: ( => current thread )
  0x000002693e3e5e10 JavaThread "main" [_thread_blocked, id=40612, stack(0x000000cf7c600000,0x000000cf7c700000)]
  0x0000026952254030 JavaThread "Reference Handler" daemon [_thread_blocked, id=39940, stack(0x000000cf7c900000,0x000000cf7ca00000)]
  0x0000026952254ea0 JavaThread "Finalizer" daemon [_thread_blocked, id=9940, stack(0x000000cf7ca00000,0x000000cf7cb00000)]
  0x0000026953d47270 JavaThread "Signal Dispatcher" daemon [_thread_blocked, id=5600, stack(0x000000cf7cb00000,0x000000cf7cc00000)]
  0x000002695225e2d0 JavaThread "Attach Listener" daemon [_thread_blocked, id=37656, stack(0x000000cf7cc00000,0x000000cf7cd00000)]
  0x0000026953d6f020 JavaThread "Service Thread" daemon [_thread_blocked, id=27320, stack(0x000000cf7cd00000,0x000000cf7ce00000)]
  0x0000026953d70080 JavaThread "Monitor Deflation Thread" daemon [_thread_blocked, id=6344, stack(0x000000cf7ce00000,0x000000cf7cf00000)]
=>0x0000026953d74910 JavaThread "C2 CompilerThread0" daemon [_thread_in_native, id=13016, stack(0x000000cf7cf00000,0x000000cf7d000000)]
  0x0000026953d75a60 JavaThread "C1 CompilerThread0" daemon [_thread_blocked, id=25596, stack(0x000000cf7d000000,0x000000cf7d100000)]
  0x0000026953d81b70 JavaThread "Sweeper thread" daemon [_thread_blocked, id=38160, stack(0x000000cf7d100000,0x000000cf7d200000)]
  0x00000269520e04a0 JavaThread "Common-Cleaner" daemon [_thread_blocked, id=21528, stack(0x000000cf7d200000,0x000000cf7d300000)]
  0x0000026954014c70 JavaThread "Notification Thread" daemon [_thread_blocked, id=40112, stack(0x000000cf7d400000,0x000000cf7d500000)]
  0x0000026954d549c0 JavaThread "Active Thread: Equinox Container: afa66fb6-2e98-44e4-a8f1-70246cd7cd2f" [_thread_blocked, id=3372, stack(0x000000cf7d300000,0x000000cf7d400000)]
  0x00000269554ad750 JavaThread "Framework Event Dispatcher: Equinox Container: afa66fb6-2e98-44e4-a8f1-70246cd7cd2f" daemon [_thread_blocked, id=37352, stack(0x000000cf7d600000,0x000000cf7d700000)]
  0x00000269554b0040 JavaThread "Start Level: Equinox Container: afa66fb6-2e98-44e4-a8f1-70246cd7cd2f" daemon [_thread_in_Java, id=23356, stack(0x000000cf7d700000,0x000000cf7d800000)]
  0x00000269551cf1e0 JavaThread "SCR Component Actor" daemon [_thread_blocked, id=29756, stack(0x000000cf7de00000,0x000000cf7df00000)]
  0x00000269552782c0 JavaThread "Timer-0" [_thread_blocked, id=9768, stack(0x000000cf7df00000,0x000000cf7e000000)]
  0x00000269565cb040 JavaThread "Bundle File Closer" daemon [_thread_blocked, id=28968, stack(0x000000cf7e000000,0x000000cf7e100000)]
  0x000002695664b090 JavaThread "Worker-JM" [_thread_blocked, id=12552, stack(0x000000cf7e100000,0x000000cf7e200000)]
  0x00000269567eaa10 JavaThread "Worker-0" [_thread_blocked, id=39872, stack(0x000000cf7e300000,0x000000cf7e400000)]
  0x00000269567ea070 JavaThread "Worker-1" [_thread_blocked, id=38268, stack(0x000000cf7e400000,0x000000cf7e500000)]
  0x00000269567eb3b0 JavaThread "Worker-2" [_thread_blocked, id=11564, stack(0x000000cf7e500000,0x000000cf7e600000)]
  0x00000269567ebd50 JavaThread "Java indexing" daemon [_thread_blocked, id=35404, stack(0x000000cf7e600000,0x000000cf7e700000)]

Other Threads:
  0x00000269520fb370 VMThread "VM Thread" [stack: 0x000000cf7c800000,0x000000cf7c900000] [id=11444]
  0x0000026954015470 WatcherThread [stack: 0x000000cf7d500000,0x000000cf7d600000] [id=39596]
  0x000002693e3fc780 GCTaskThread "GC Thread#0" [stack: 0x000000cf7c700000,0x000000cf7c800000] [id=8588]
  0x0000026954d56bc0 GCTaskThread "GC Thread#1" [stack: 0x000000cf7d800000,0x000000cf7d900000] [id=2756]
  0x00000269554b0d20 GCTaskThread "GC Thread#2" [stack: 0x000000cf7d900000,0x000000cf7da00000] [id=33000]
  0x00000269554b0fd0 GCTaskThread "GC Thread#3" [stack: 0x000000cf7da00000,0x000000cf7db00000] [id=25812]
  0x00000269554aceb0 GCTaskThread "GC Thread#4" [stack: 0x000000cf7db00000,0x000000cf7dc00000] [id=18136]
  0x00000269554ad160 GCTaskThread "GC Thread#5" [stack: 0x000000cf7dc00000,0x000000cf7dd00000] [id=24304]
  0x00000269554b0510 GCTaskThread "GC Thread#6" [stack: 0x000000cf7dd00000,0x000000cf7de00000] [id=3556]
  0x000002695674e080 GCTaskThread "GC Thread#7" [stack: 0x000000cf7e200000,0x000000cf7e300000] [id=24416]

Threads with active compile tasks:
C2 CompilerThread0     5663 2547       4       java.io.WinNTFileSystem::normalize (143 bytes)

VM state: not at safepoint (normal execution)

VM Mutex/Monitor currently owned by a thread: None

Heap address: 0x00000000c0000000, size: 1024 MB, Compressed Oops mode: 32-bit

CDS archive(s) not mapped
Compressed class space mapped at: 0x0000000100000000-0x0000000140000000, reserved size: 1073741824
Narrow klass base: 0x0000000000000000, Narrow klass shift: 3, Narrow klass range: 0x140000000

GC Precious Log:
 CPUs: 8 total, 8 available
 Memory: 6030M
 Large Page Support: Disabled
 NUMA Support: Disabled
 Compressed Oops: Enabled (32-bit)
 Alignments: Space 512K, Generation 512K, Heap 2M
 Heap Min Capacity: 100M
 Heap Initial Capacity: 100M
 Heap Max Capacity: 1G
 Pre-touch: Disabled
 Parallel Workers: 8

Heap:
 PSYoungGen      total 29696K, used 24404K [0x00000000eab00000, 0x00000000ecc00000, 0x0000000100000000)
  eden space 25600K, 95% used [0x00000000eab00000,0x00000000ec2d5208,0x00000000ec400000)
  from space 4096K, 0% used [0x00000000ec400000,0x00000000ec400000,0x00000000ec800000)
  to   space 4096K, 0% used [0x00000000ec800000,0x00000000ec800000,0x00000000ecc00000)
 ParOldGen       total 68608K, used 9687K [0x00000000c0000000, 0x00000000c4300000, 0x00000000eab00000)
  object space 68608K, 14% used [0x00000000c0000000,0x00000000c0975d68,0x00000000c4300000)
 Metaspace       used 27015K, committed 27520K, reserved 1081344K
  class space    used 2588K, committed 2816K, reserved 1048576K

Card table byte_map: [0x000002693dd90000,0x000002693dfa0000] _byte_map_base: 0x000002693d790000

Marking Bits: (ParMarkBitMap*) 0x00007ffd0f993af0
 Begin Bits: [0x0000026950060000, 0x0000026951060000)
 End Bits:   [0x0000026951060000, 0x0000026952060000)

Polling page: 0x000002693c320000

Metaspace:

Usage:
  Non-class:     23.86 MB used.
      Class:      2.53 MB used.
       Both:     26.39 MB used.

Virtual space:
  Non-class space:       32.00 MB reserved,      24.12 MB ( 75%) committed,  4 nodes.
      Class space:        1.00 GB reserved,       2.75 MB ( <1%) committed,  1 nodes.
             Both:        1.03 GB reserved,      26.88 MB (  3%) committed. 

Chunk freelists:
   Non-Class:  3.91 MB
       Class:  1.29 MB
        Both:  5.19 MB

MaxMetaspaceSize: unlimited
CompressedClassSpaceSize: 1.00 GB
Initial GC threshold: 21.00 MB
Current GC threshold: 35.00 MB
CDS: off
MetaspaceReclaimPolicy: balanced
 - commit_granule_bytes: 65536.
 - commit_granule_words: 8192.
 - virtual_space_node_default_size: 1048576.
 - enlarge_chunks_in_place: 1.
 - new_chunks_are_fully_committed: 0.
 - uncommit_free_chunks: 1.
 - use_allocation_guard: 0.
 - handle_deallocations: 1.


Internal statistics:

num_allocs_failed_limit: 3.
num_arena_births: 152.
num_arena_deaths: 0.
num_vsnodes_births: 5.
num_vsnodes_deaths: 0.
num_space_committed: 430.
num_space_uncommitted: 0.
num_chunks_returned_to_freelist: 3.
num_chunks_taken_from_freelist: 839.
num_chunk_merges: 3.
num_chunk_splits: 574.
num_chunks_enlarged: 416.
num_purges: 0.
num_inconsistent_stats: 0.

CodeHeap 'non-profiled nmethods': size=120000Kb used=832Kb max_used=832Kb free=119167Kb
 bounds [0x0000026948b30000, 0x0000026948da0000, 0x0000026950060000]
CodeHeap 'profiled nmethods': size=120000Kb used=5298Kb max_used=5298Kb free=114702Kb
 bounds [0x0000026941600000, 0x0000026941b30000, 0x0000026948b30000]
CodeHeap 'non-nmethods': size=5760Kb used=1225Kb max_used=1250Kb free=4535Kb
 bounds [0x0000026941060000, 0x00000269412d0000, 0x0000026941600000]
 total_blobs=3100 nmethods=2567 adapters=447
 compilation: enabled
              stopped_count=0, restarted_count=0
 full_count=0

Compilation events (20 events):
Event: 5.576 Thread 0x0000026953d75a60 2562       1       org.eclipse.core.filesystem.provider.FileInfo::getError (5 bytes)
Event: 5.576 Thread 0x0000026953d75a60 nmethod 2562 0x0000026948bfee90 code [0x0000026948bff020, 0x0000026948bff0f8]
Event: 5.576 Thread 0x0000026953d75a60 2564       1       org.eclipse.core.internal.localstore.UnifiedTreeNode::existsInWorkspace (5 bytes)
Event: 5.576 Thread 0x0000026953d75a60 nmethod 2564 0x0000026948bff190 code [0x0000026948bff320, 0x0000026948bff3f8]
Event: 5.576 Thread 0x0000026953d75a60 2565       1       org.eclipse.core.internal.resources.ResourceInfo::getModificationStamp (5 bytes)
Event: 5.577 Thread 0x0000026953d75a60 nmethod 2565 0x0000026948bff490 code [0x0000026948bff620, 0x0000026948bff6f8]
Event: 5.577 Thread 0x0000026953d75a60 2566       1       org.eclipse.core.internal.dtree.DeltaDataTree::setRootNode (6 bytes)
Event: 5.577 Thread 0x0000026953d75a60 nmethod 2566 0x0000026948bff790 code [0x0000026948bff920, 0x0000026948bff9f8]
Event: 5.585 Thread 0x0000026953d75a60 2568       3       jdk.internal.org.objectweb.asm.ClassReader::<init> (371 bytes)
Event: 5.587 Thread 0x0000026953d75a60 nmethod 2568 0x0000026941b25510 code [0x0000026941b257e0, 0x0000026941b269b8]
Event: 5.587 Thread 0x0000026953d75a60 2567       3       java.lang.invoke.MethodHandles$Lookup$ClassFile::readUnsignedShort (39 bytes)
Event: 5.587 Thread 0x0000026953d75a60 nmethod 2567 0x0000026941b26f10 code [0x0000026941b270c0, 0x0000026941b27328]
Event: 5.587 Thread 0x0000026953d75a60 2569       1       jdk.internal.org.objectweb.asm.ClassReader::getMaxStringLength (5 bytes)
Event: 5.587 Thread 0x0000026953d75a60 nmethod 2569 0x0000026948bffa90 code [0x0000026948bffc20, 0x0000026948bffcf8]
Event: 5.591 Thread 0x0000026953d75a60 2570       1       java.lang.invoke.DirectMethodHandle::isCrackable (5 bytes)
Event: 5.592 Thread 0x0000026953d75a60 nmethod 2570 0x0000026948bffd90 code [0x0000026948bfff20, 0x0000026948bffff8]
Event: 5.592 Thread 0x0000026953d75a60 2571       3       jdk.internal.misc.CDS::isDumpingArchive (4 bytes)
Event: 5.592 Thread 0x0000026953d75a60 nmethod 2571 0x0000026941b27490 code [0x0000026941b27620, 0x0000026941b27718]
Event: 5.592 Thread 0x0000026953d75a60 2572       3       java.lang.invoke.MethodTypeForm::cachedLambdaForm (23 bytes)
Event: 5.592 Thread 0x0000026953d75a60 nmethod 2572 0x0000026941b27790 code [0x0000026941b27940, 0x0000026941b27c88]

GC Heap History (8 events):
Event: 2.565 GC heap before
{Heap before GC invocations=1 (full 0):
 PSYoungGen      total 29696K, used 25600K [0x00000000eab00000, 0x00000000ecc00000, 0x0000000100000000)
  eden space 25600K, 100% used [0x00000000eab00000,0x00000000ec400000,0x00000000ec400000)
  from space 4096K, 0% used [0x00000000ec800000,0x00000000ec800000,0x00000000ecc00000)
  to   space 4096K, 0% used [0x00000000ec400000,0x00000000ec400000,0x00000000ec800000)
 ParOldGen       total 68608K, used 0K [0x00000000c0000000, 0x00000000c4300000, 0x00000000eab00000)
  object space 68608K, 0% used [0x00000000c0000000,0x00000000c0000000,0x00000000c4300000)
 Metaspace       used 12840K, committed 13056K, reserved 1064960K
  class space    used 1298K, committed 1408K, reserved 1048576K
}
Event: 2.578 GC heap after
{Heap after GC invocations=1 (full 0):
 PSYoungGen      total 29696K, used 4088K [0x00000000eab00000, 0x00000000ecc00000, 0x0000000100000000)
  eden space 25600K, 0% used [0x00000000eab00000,0x00000000eab00000,0x00000000ec400000)
  from space 4096K, 99% used [0x00000000ec400000,0x00000000ec7fe2e8,0x00000000ec800000)
  to   space 4096K, 0% used [0x00000000ec800000,0x00000000ec800000,0x00000000ecc00000)
 ParOldGen       total 68608K, used 646K [0x00000000c0000000, 0x00000000c4300000, 0x00000000eab00000)
  object space 68608K, 0% used [0x00000000c0000000,0x00000000c00a1830,0x00000000c4300000)
 Metaspace       used 12840K, committed 13056K, reserved 1064960K
  class space    used 1298K, committed 1408K, reserved 1048576K
}
Event: 4.582 GC heap before
{Heap before GC invocations=2 (full 0):
 PSYoungGen      total 29696K, used 29688K [0x00000000eab00000, 0x00000000ecc00000, 0x0000000100000000)
  eden space 25600K, 100% used [0x00000000eab00000,0x00000000ec400000,0x00000000ec400000)
  from space 4096K, 99% used [0x00000000ec400000,0x00000000ec7fe2e8,0x00000000ec800000)
  to   space 4096K, 0% used [0x00000000ec800000,0x00000000ec800000,0x00000000ecc00000)
 ParOldGen       total 68608K, used 646K [0x00000000c0000000, 0x00000000c4300000, 0x00000000eab00000)
  object space 68608K, 0% used [0x00000000c0000000,0x00000000c00a1830,0x00000000c4300000)
 Metaspace       used 20117K, committed 20544K, reserved 1073152K
  class space    used 2037K, committed 2240K, reserved 1048576K
}
Event: 4.597 GC heap after
{Heap after GC invocations=2 (full 0):
 PSYoungGen      total 29696K, used 4090K [0x00000000eab00000, 0x00000000ecc00000, 0x0000000100000000)
  eden space 25600K, 0% used [0x00000000eab00000,0x00000000eab00000,0x00000000ec400000)
  from space 4096K, 99% used [0x00000000ec800000,0x00000000ecbfe880,0x00000000ecc00000)
  to   space 4096K, 0% used [0x00000000ec400000,0x00000000ec400000,0x00000000ec800000)
 ParOldGen       total 68608K, used 5792K [0x00000000c0000000, 0x00000000c4300000, 0x00000000eab00000)
  object space 68608K, 8% used [0x00000000c0000000,0x00000000c05a8250,0x00000000c4300000)
 Metaspace       used 20117K, committed 20544K, reserved 1073152K
  class space    used 2037K, committed 2240K, reserved 1048576K
}
Event: 4.738 GC heap before
{Heap before GC invocations=3 (full 0):
 PSYoungGen      total 29696K, used 6969K [0x00000000eab00000, 0x00000000ecc00000, 0x0000000100000000)
  eden space 25600K, 11% used [0x00000000eab00000,0x00000000eadcfdf0,0x00000000ec400000)
  from space 4096K, 99% used [0x00000000ec800000,0x00000000ecbfe880,0x00000000ecc00000)
  to   space 4096K, 0% used [0x00000000ec400000,0x00000000ec400000,0x00000000ec800000)
 ParOldGen       total 68608K, used 5792K [0x00000000c0000000, 0x00000000c4300000, 0x00000000eab00000)
  object space 68608K, 8% used [0x00000000c0000000,0x00000000c05a8250,0x00000000c4300000)
 Metaspace       used 21039K, committed 21504K, reserved 1073152K
  class space    used 2126K, committed 2368K, reserved 1048576K
}
Event: 4.742 GC heap after
{Heap after GC invocations=3 (full 0):
 PSYoungGen      total 29696K, used 4075K [0x00000000eab00000, 0x00000000ecc00000, 0x0000000100000000)
  eden space 25600K, 0% used [0x00000000eab00000,0x00000000eab00000,0x00000000ec400000)
  from space 4096K, 99% used [0x00000000ec400000,0x00000000ec7fafd0,0x00000000ec800000)
  to   space 4096K, 0% used [0x00000000ec800000,0x00000000ec800000,0x00000000ecc00000)
 ParOldGen       total 68608K, used 5939K [0x00000000c0000000, 0x00000000c4300000, 0x00000000eab00000)
  object space 68608K, 8% used [0x00000000c0000000,0x00000000c05cce60,0x00000000c4300000)
 Metaspace       used 21039K, committed 21504K, reserved 1073152K
  class space    used 2126K, committed 2368K, reserved 1048576K
}
Event: 4.742 GC heap before
{Heap before GC invocations=4 (full 1):
 PSYoungGen      total 29696K, used 4075K [0x00000000eab00000, 0x00000000ecc00000, 0x0000000100000000)
  eden space 25600K, 0% used [0x00000000eab00000,0x00000000eab00000,0x00000000ec400000)
  from space 4096K, 99% used [0x00000000ec400000,0x00000000ec7fafd0,0x00000000ec800000)
  to   space 4096K, 0% used [0x00000000ec800000,0x00000000ec800000,0x00000000ecc00000)
 ParOldGen       total 68608K, used 5939K [0x00000000c0000000, 0x00000000c4300000, 0x00000000eab00000)
  object space 68608K, 8% used [0x00000000c0000000,0x00000000c05cce60,0x00000000c4300000)
 Metaspace       used 21039K, committed 21504K, reserved 1073152K
  class space    used 2126K, committed 2368K, reserved 1048576K
}
Event: 4.767 GC heap after
{Heap after GC invocations=4 (full 1):
 PSYoungGen      total 29696K, used 0K [0x00000000eab00000, 0x00000000ecc00000, 0x0000000100000000)
  eden space 25600K, 0% used [0x00000000eab00000,0x00000000eab00000,0x00000000ec400000)
  from space 4096K, 0% used [0x00000000ec400000,0x00000000ec400000,0x00000000ec800000)
  to   space 4096K, 0% used [0x00000000ec800000,0x00000000ec800000,0x00000000ecc00000)
 ParOldGen       total 68608K, used 9687K [0x00000000c0000000, 0x00000000c4300000, 0x00000000eab00000)
  object space 68608K, 14% used [0x00000000c0000000,0x00000000c0975d68,0x00000000c4300000)
 Metaspace       used 21039K, committed 21504K, reserved 1073152K
  class space    used 2126K, committed 2368K, reserved 1048576K
}

Deoptimization events (20 events):
Event: 5.355 Thread 0x00000269554b0040 DEOPT PACKING pc=0x0000026948bb77fc sp=0x000000cf7d7f9560
Event: 5.355 Thread 0x00000269554b0040 DEOPT UNPACKING pc=0x00000269410b20a3 sp=0x000000cf7d7f94f0 mode 2
Event: 5.368 Thread 0x00000269554b0040 Uncommon trap: trap_request=0xffffff45 fr.pc=0x0000026948b53af8 relative=0x00000000000000f8
Event: 5.368 Thread 0x00000269554b0040 Uncommon trap: reason=unstable_if action=reinterpret pc=0x0000026948b53af8 method=java.lang.StringCoding.hasNegatives([BII)Z @ 12 c2
Event: 5.368 Thread 0x00000269554b0040 DEOPT PACKING pc=0x0000026948b53af8 sp=0x000000cf7d7f8660
Event: 5.368 Thread 0x00000269554b0040 DEOPT UNPACKING pc=0x00000269410b20a3 sp=0x000000cf7d7f8608 mode 2
Event: 5.373 Thread 0x00000269554b0040 DEOPT PACKING pc=0x0000026941af6056 sp=0x000000cf7d7f84c0
Event: 5.373 Thread 0x00000269554b0040 DEOPT UNPACKING pc=0x00000269410b2843 sp=0x000000cf7d7f7960 mode 0
Event: 5.375 Thread 0x00000269554b0040 DEOPT PACKING pc=0x0000026941af6056 sp=0x000000cf7d7f8500
Event: 5.375 Thread 0x00000269554b0040 DEOPT UNPACKING pc=0x00000269410b2843 sp=0x000000cf7d7f79a0 mode 0
Event: 5.375 Thread 0x00000269554b0040 DEOPT PACKING pc=0x0000026941af6056 sp=0x000000cf7d7f8500
Event: 5.375 Thread 0x00000269554b0040 DEOPT UNPACKING pc=0x00000269410b2843 sp=0x000000cf7d7f79a0 mode 0
Event: 5.553 Thread 0x00000269554b0040 DEOPT PACKING pc=0x00000269418d9208 sp=0x000000cf7d7f99d0
Event: 5.553 Thread 0x00000269554b0040 DEOPT UNPACKING pc=0x00000269410b2843 sp=0x000000cf7d7f8ed8 mode 0
Event: 5.555 Thread 0x00000269554b0040 DEOPT PACKING pc=0x00000269418d9208 sp=0x000000cf7d7f9a40
Event: 5.555 Thread 0x00000269554b0040 DEOPT UNPACKING pc=0x00000269410b2843 sp=0x000000cf7d7f8f48 mode 0
Event: 5.558 Thread 0x00000269554b0040 DEOPT PACKING pc=0x00000269418d9208 sp=0x000000cf7d7f99d0
Event: 5.558 Thread 0x00000269554b0040 DEOPT UNPACKING pc=0x00000269410b2843 sp=0x000000cf7d7f8ed8 mode 0
Event: 5.583 Thread 0x00000269554b0040 DEOPT PACKING pc=0x0000026941ad0124 sp=0x000000cf7d7fe530
Event: 5.583 Thread 0x00000269554b0040 DEOPT UNPACKING pc=0x00000269410b2843 sp=0x000000cf7d7fda88 mode 3

Classes unloaded (0 events):
No events

Classes redefined (0 events):
No events

Internal exceptions (20 events):
Event: 1.604 Thread 0x000002693e3e5e10 Exception <a 'java/lang/NoSuchMethodError'{0x00000000eb853cc8}: 'int java.lang.invoke.DirectMethodHandle$Holder.invokeStaticInit(java.lang.Object, java.lang.Object)'> (0x00000000eb853cc8) 
thrown [e:\jenkins\tmp\workspace\build\src\src\hotspot\share\interpreter\linkResolver.cpp, line 766]
Event: 1.676 Thread 0x000002693e3e5e10 Exception <a 'java/lang/NoSuchMethodError'{0x00000000eb8a4c30}: 'java.lang.Object java.lang.invoke.DirectMethodHandle$Holder.invokeStaticInit(java.lang.Object, int, int, int, int)'> (0x00000000eb8a4c30) 
thrown [e:\jenkins\tmp\workspace\build\src\src\hotspot\share\interpreter\linkResolver.cpp, line 766]
Event: 1.826 Thread 0x000002693e3e5e10 Exception <a 'java/lang/NoSuchMethodError'{0x00000000eb8e9450}: 'java.lang.Object java.lang.invoke.DirectMethodHandle$Holder.invokeStaticInit(java.lang.Object, java.lang.Object, int, int, int, int)'> (0x00000000eb8e9450) 
thrown [e:\jenkins\tmp\workspace\build\src\src\hotspot\share\interpreter\linkResolver.cpp, line 766]
Event: 1.872 Thread 0x000002693e3e5e10 Exception <a 'java/lang/NoSuchMethodError'{0x00000000eb979968}: 'void java.lang.invoke.DirectMethodHandle$Holder.invokeSpecial(java.lang.Object, java.lang.Object, java.lang.Object)'> (0x00000000eb979968) 
thrown [e:\jenkins\tmp\workspace\build\src\src\hotspot\share\interpreter\linkResolver.cpp, line 766]
Event: 2.213 Thread 0x000002693e3e5e10 Exception <a 'java/lang/NoSuchMethodError'{0x00000000ec023c70}: 'java.lang.Object java.lang.invoke.DirectMethodHandle$Holder.newInvokeSpecial(java.lang.Object, int, java.lang.Object)'> (0x00000000ec023c70) 
thrown [e:\jenkins\tmp\workspace\build\src\src\hotspot\share\interpreter\linkResolver.cpp, line 766]
Event: 2.564 Thread 0x000002693e3e5e10 Exception <a 'java/lang/UnsatisfiedLinkError'{0x00000000ec36cf50}: 'void org.eclipse.equinox.launcher.JNIBridge._update_splash()'> (0x00000000ec36cf50) 
thrown [e:\jenkins\tmp\workspace\build\src\src\hotspot\share\prims\nativeLookup.cpp, line 543]
Event: 2.678 Thread 0x00000269554b0040 Exception <a 'java/lang/NoSuchMethodError'{0x00000000eaca4990}: 'java.lang.Object java.lang.invoke.DirectMethodHandle$Holder.invokeStaticInit(java.lang.Object)'> (0x00000000eaca4990) 
thrown [e:\jenkins\tmp\workspace\build\src\src\hotspot\share\interpreter\linkResolver.cpp, line 766]
Event: 3.037 Thread 0x00000269554b0040 Exception <a 'java/io/FileNotFoundException'{0x00000000eaff0938}> (0x00000000eaff0938) 
thrown [e:\jenkins\tmp\workspace\build\src\src\hotspot\share\prims\jni.cpp, line 516]
Event: 4.063 Thread 0x00000269554b0040 Exception <a 'java/lang/NoSuchMethodError'{0x00000000ebe24950}: 'void java.lang.invoke.DirectMethodHandle$Holder.invokeInterface(java.lang.Object, java.lang.Object, java.lang.Object)'> (0x00000000ebe24950) 
thrown [e:\jenkins\tmp\workspace\build\src\src\hotspot\share\interpreter\linkResolver.cpp, line 766]
Event: 4.150 Thread 0x00000269554b0040 Exception <a 'java/lang/NoSuchMethodError'{0x00000000ebfb6558}: 'java.lang.Object java.lang.invoke.Invokers$Holder.invokeExact_MT(java.lang.Object, java.lang.Object, java.lang.Object, java.lang.Object, java.lang.Object, java.lang.Object)'> (0x00000000ebfb6558) 
thrown [e:\jenkins\tmp\workspace\build\src\src\hotspot\share\interpreter\linkResolver.cpp, line 766]
Event: 4.180 Thread 0x00000269554b0040 Exception <a 'java/io/FileNotFoundException'{0x00000000ebffd2c8}> (0x00000000ebffd2c8) 
thrown [e:\jenkins\tmp\workspace\build\src\src\hotspot\share\prims\jni.cpp, line 516]
Event: 4.573 Thread 0x00000269554b0040 Exception <a 'java/lang/NoSuchMethodError'{0x00000000ec3f5ce8}: 'int java.lang.invoke.DirectMethodHandle$Holder.invokeStaticInit(java.lang.Object, java.lang.Object, java.lang.Object)'> (0x00000000ec3f5ce8) 
thrown [e:\jenkins\tmp\workspace\build\src\src\hotspot\share\interpreter\linkResolver.cpp, line 766]
Event: 4.635 Thread 0x00000269554b0040 Exception <a 'java/lang/IncompatibleClassChangeError'{0x00000000eab3a398}: Found class java.lang.Object, but interface was expected> (0x00000000eab3a398) 
thrown [e:\jenkins\tmp\workspace\build\src\src\hotspot\share\interpreter\linkResolver.cpp, line 833]
Event: 4.801 Thread 0x00000269554b0040 Exception <a 'java/io/FileNotFoundException'{0x00000000eac87250}> (0x00000000eac87250) 
thrown [e:\jenkins\tmp\workspace\build\src\src\hotspot\share\prims\jni.cpp, line 516]
Event: 4.802 Thread 0x00000269554b0040 Exception <a 'java/io/FileNotFoundException'{0x00000000eac883d0}> (0x00000000eac883d0) 
thrown [e:\jenkins\tmp\workspace\build\src\src\hotspot\share\prims\jni.cpp, line 516]
Event: 4.802 Thread 0x00000269554b0040 Exception <a 'java/io/FileNotFoundException'{0x00000000eac89558}> (0x00000000eac89558) 
thrown [e:\jenkins\tmp\workspace\build\src\src\hotspot\share\prims\jni.cpp, line 516]
Event: 5.364 Thread 0x00000269554b0040 Exception <a 'java/lang/ClassNotFoundException'{0x00000000ebe9f488}: com/sun/org/apache/xerces/internal/impl/msg/spi/DOMMessagesProvider> (0x00000000ebe9f488) 
thrown [e:\jenkins\tmp\workspace\build\src\src\hotspot\share\classfile\systemDictionary.cpp, line 256]
Event: 5.370 Thread 0x00000269554b0040 Exception <a 'java/lang/ClassNotFoundException'{0x00000000ebec7658}: com/sun/org/apache/xerces/internal/impl/msg/spi/XMLSerializerMessagesProvider> (0x00000000ebec7658) 
thrown [e:\jenkins\tmp\workspace\build\src\src\hotspot\share\classfile\systemDictionary.cpp, line 256]
Event: 5.373 Thread 0x00000269554b0040 Exception <a 'java/lang/ClassNotFoundException'{0x00000000ebedfb98}: com/sun/org/apache/xerces/internal/impl/msg/spi/XMLMessagesProvider> (0x00000000ebedfb98) 
thrown [e:\jenkins\tmp\workspace\build\src\src\hotspot\share\classfile\systemDictionary.cpp, line 256]
Event: 5.612 Thread 0x00000269554b0040 Exception <a 'sun/nio/fs/WindowsException'{0x00000000ec1ecfa0}> (0x00000000ec1ecfa0) 
thrown [e:\jenkins\tmp\workspace\build\src\src\hotspot\share\prims\jni.cpp, line 516]

VM Operations (20 events):
Event: 2.564 Executing VM operation: ParallelGCFailedAllocation
Event: 2.578 Executing VM operation: ParallelGCFailedAllocation done
Event: 2.713 Executing VM operation: HandshakeAllThreads
Event: 2.713 Executing VM operation: HandshakeAllThreads done
Event: 3.709 Executing VM operation: ICBufferFull
Event: 3.710 Executing VM operation: ICBufferFull done
Event: 3.949 Executing VM operation: HandshakeAllThreads
Event: 3.949 Executing VM operation: HandshakeAllThreads done
Event: 4.033 Executing VM operation: HandshakeAllThreads
Event: 4.033 Executing VM operation: HandshakeAllThreads done
Event: 4.036 Executing VM operation: HandshakeAllThreads
Event: 4.036 Executing VM operation: HandshakeAllThreads done
Event: 4.581 Executing VM operation: ParallelGCFailedAllocation
Event: 4.597 Executing VM operation: ParallelGCFailedAllocation done
Event: 4.738 Executing VM operation: CollectForMetadataAllocation
Event: 4.767 Executing VM operation: CollectForMetadataAllocation done
Event: 5.348 Executing VM operation: HandshakeAllThreads
Event: 5.348 Executing VM operation: HandshakeAllThreads done
Event: 5.582 Executing VM operation: HandshakeAllThreads
Event: 5.582 Executing VM operation: HandshakeAllThreads done

Events (20 events):
Event: 5.597 loading class sun/util/resources/cldr/TimeZoneNames
Event: 5.597 loading class sun/util/resources/TimeZoneNamesBundle
Event: 5.597 loading class sun/util/resources/OpenListResourceBundle
Event: 5.598 loading class sun/util/resources/OpenListResourceBundle done
Event: 5.598 loading class sun/util/resources/TimeZoneNamesBundle done
Event: 5.598 loading class sun/util/resources/cldr/TimeZoneNames done
Event: 5.598 loading class sun/util/resources/cldr/TimeZoneNames_en
Event: 5.599 loading class sun/util/resources/cldr/TimeZoneNames_en done
Event: 5.600 loading class sun/util/resources/cldr/TimeZoneNames_en_US
Event: 5.600 loading class sun/util/resources/cldr/TimeZoneNames_en_US done
Event: 5.601 loading class sun/util/resources/TimeZoneNames
Event: 5.603 loading class sun/util/resources/TimeZoneNames done
Event: 5.604 loading class sun/util/resources/TimeZoneNames_en
Event: 5.604 loading class sun/util/resources/TimeZoneNames_en done
Event: 5.610 loading class java/nio/file/StandardCopyOption
Event: 5.610 loading class java/nio/file/StandardCopyOption done
Event: 5.610 loading class sun/nio/fs/WindowsFileCopy
Event: 5.612 loading class sun/nio/fs/WindowsFileCopy done
Event: 5.612 loading class sun/nio/fs/WindowsException
Event: 5.612 loading class sun/nio/fs/WindowsException done


Dynamic libraries:
0x00007ff776cb0000 - 0x00007ff776cbe000 	c:\Users\lauri\.vscode\extensions\redhat.java-1.4.0\jre\17.0.2-win32-x86_64\bin\java.exe
0x00007ffdc0a80000 - 0x00007ffdc0c89000 	C:\WINDOWS\SYSTEM32\ntdll.dll
0x00007ffdbf3c0000 - 0x00007ffdbf47d000 	C:\WINDOWS\System32\KERNEL32.DLL
0x00007ffdbe030000 - 0x00007ffdbe3a4000 	C:\WINDOWS\System32\KERNELBASE.dll
0x00007ffdbb4d0000 - 0x00007ffdbb561000 	C:\WINDOWS\SYSTEM32\apphelp.dll
0x00007ffdbe760000 - 0x00007ffdbe871000 	C:\WINDOWS\System32\ucrtbase.dll
0x00007ffda83f0000 - 0x00007ffda8409000 	c:\Users\lauri\.vscode\extensions\redhat.java-1.4.0\jre\17.0.2-win32-x86_64\bin\VCRUNTIME140.dll
0x00007ffda5450000 - 0x00007ffda5468000 	c:\Users\lauri\.vscode\extensions\redhat.java-1.4.0\jre\17.0.2-win32-x86_64\bin\jli.dll
0x00007ffdbfec0000 - 0x00007ffdc006c000 	C:\WINDOWS\System32\USER32.dll
0x00007ffdbe3b0000 - 0x00007ffdbe3d6000 	C:\WINDOWS\System32\win32u.dll
0x00007ffdbf390000 - 0x00007ffdbf3b9000 	C:\WINDOWS\System32\GDI32.dll
0x00007ffd9b7d0000 - 0x00007ffd9ba75000 	C:\WINDOWS\WinSxS\amd64_microsoft.windows.common-controls_6595b64144ccf1df_6.0.22000.120_none_9d947278b86cc467\COMCTL32.dll
0x00007ffdbe5d0000 - 0x00007ffdbe6e2000 	C:\WINDOWS\System32\gdi32full.dll
0x00007ffdbfe10000 - 0x00007ffdbfeb3000 	C:\WINDOWS\System32\msvcrt.dll
0x00007ffdbe880000 - 0x00007ffdbe91d000 	C:\WINDOWS\System32\msvcp_win.dll
0x00007ffdbf0c0000 - 0x00007ffdbf0f1000 	C:\WINDOWS\System32\IMM32.DLL
0x00007ffdab520000 - 0x00007ffdab52c000 	c:\Users\lauri\.vscode\extensions\redhat.java-1.4.0\jre\17.0.2-win32-x86_64\bin\vcruntime140_1.dll
0x00007ffd934c0000 - 0x00007ffd93551000 	c:\Users\lauri\.vscode\extensions\redhat.java-1.4.0\jre\17.0.2-win32-x86_64\bin\msvcp140.dll
0x00007ffd0ee10000 - 0x00007ffd0fa57000 	c:\Users\lauri\.vscode\extensions\redhat.java-1.4.0\jre\17.0.2-win32-x86_64\bin\server\jvm.dll
0x00007ffdbfcb0000 - 0x00007ffdbfd5e000 	C:\WINDOWS\System32\ADVAPI32.dll
0x00007ffdc01f0000 - 0x00007ffdc028e000 	C:\WINDOWS\System32\sechost.dll
0x00007ffdc00d0000 - 0x00007ffdc01f0000 	C:\WINDOWS\System32\RPCRT4.dll
0x00007ffdbf7a0000 - 0x00007ffdbf7a8000 	C:\WINDOWS\System32\PSAPI.DLL
0x00007ffdafaa0000 - 0x00007ffdafaa9000 	C:\WINDOWS\SYSTEM32\WSOCK32.dll
0x00007ffdbf300000 - 0x00007ffdbf36f000 	C:\WINDOWS\System32\WS2_32.dll
0x00007ffdb5f60000 - 0x00007ffdb5f6a000 	C:\WINDOWS\SYSTEM32\VERSION.dll
0x00007ffdb8e90000 - 0x00007ffdb8ec3000 	C:\WINDOWS\SYSTEM32\WINMM.dll
0x00007ffdbd040000 - 0x00007ffdbd058000 	C:\WINDOWS\SYSTEM32\kernel.appcore.dll
0x00007ffdab450000 - 0x00007ffdab45a000 	c:\Users\lauri\.vscode\extensions\redhat.java-1.4.0\jre\17.0.2-win32-x86_64\bin\jimage.dll
0x00007ffdb73f0000 - 0x00007ffdb7611000 	C:\WINDOWS\SYSTEM32\DBGHELP.DLL
0x00007ffd9e1b0000 - 0x00007ffd9e1e1000 	C:\WINDOWS\SYSTEM32\dbgcore.DLL
0x00007ffdbe550000 - 0x00007ffdbe5cf000 	C:\WINDOWS\System32\bcryptPrimitives.dll
0x00007ffda3130000 - 0x00007ffda3155000 	c:\Users\lauri\.vscode\extensions\redhat.java-1.4.0\jre\17.0.2-win32-x86_64\bin\java.dll
0x00007ffda4eb0000 - 0x00007ffda4ec8000 	c:\Users\lauri\.vscode\extensions\redhat.java-1.4.0\jre\17.0.2-win32-x86_64\bin\zip.dll
0x00007ffdc0290000 - 0x00007ffdc0a3e000 	C:\WINDOWS\System32\SHELL32.dll
0x00007ffdbc0a0000 - 0x00007ffdbc908000 	C:\WINDOWS\SYSTEM32\windows.storage.dll
0x00007ffdbf8a0000 - 0x00007ffdbfc18000 	C:\WINDOWS\System32\combase.dll
0x00007ffdbbf30000 - 0x00007ffdbc096000 	C:\WINDOWS\SYSTEM32\wintypes.dll
0x00007ffdbf100000 - 0x00007ffdbf1ea000 	C:\WINDOWS\System32\SHCORE.dll
0x00007ffdbed90000 - 0x00007ffdbeded000 	C:\WINDOWS\System32\shlwapi.dll
0x00007ffdbdea0000 - 0x00007ffdbdec1000 	C:\WINDOWS\SYSTEM32\profapi.dll
0x00007ffda22d0000 - 0x00007ffda22e9000 	C:\Users\lauri\.vscode\extensions\redhat.java-1.4.0\jre\17.0.2-win32-x86_64\bin\net.dll
0x00007ffdb8640000 - 0x00007ffdb874c000 	C:\WINDOWS\SYSTEM32\WINHTTP.dll
0x00007ffdbd480000 - 0x00007ffdbd4e7000 	C:\WINDOWS\system32\mswsock.dll
0x00007ffda22b0000 - 0x00007ffda22c5000 	C:\Users\lauri\.vscode\extensions\redhat.java-1.4.0\jre\17.0.2-win32-x86_64\bin\nio.dll
0x00007ffdbd6e0000 - 0x00007ffdbd6f8000 	C:\WINDOWS\SYSTEM32\CRYPTSP.dll
0x00007ffdbcf90000 - 0x00007ffdbcfc5000 	C:\WINDOWS\system32\rsaenh.dll
0x00007ffdbd590000 - 0x00007ffdbd5b9000 	C:\WINDOWS\SYSTEM32\USERENV.dll
0x00007ffdbd860000 - 0x00007ffdbd887000 	C:\WINDOWS\SYSTEM32\bcrypt.dll
0x00007ffdbd700000 - 0x00007ffdbd70c000 	C:\WINDOWS\SYSTEM32\CRYPTBASE.dll
0x00007ffdbcb60000 - 0x00007ffdbcb8d000 	C:\WINDOWS\SYSTEM32\IPHLPAPI.DLL
0x00007ffdbf2f0000 - 0x00007ffdbf2f9000 	C:\WINDOWS\System32\NSI.dll
0x00007ffdb8240000 - 0x00007ffdb8259000 	C:\WINDOWS\SYSTEM32\dhcpcsvc6.DLL
0x00007ffdb89b0000 - 0x00007ffdb89ce000 	C:\WINDOWS\SYSTEM32\dhcpcsvc.DLL
0x00007ffdbcb90000 - 0x00007ffdbcc77000 	C:\WINDOWS\SYSTEM32\DNSAPI.dll
0x00007ffda1ab0000 - 0x00007ffda1aee000 	C:\Users\lauri\AppData\Roaming\Code\User\globalStorage\redhat.java\1.4.0\config_win\org.eclipse.equinox.launcher\org.eclipse.equinox.launcher.win32.win32.x86_64_1.2.400.v20211117-0650\eclipse_11602.dll
0x00007ffdbedf0000 - 0x00007ffdbef8a000 	C:\WINDOWS\System32\ole32.dll
0x00007ffdab3d0000 - 0x00007ffdab3e0000 	c:\Users\lauri\.vscode\extensions\redhat.java-1.4.0\jre\17.0.2-win32-x86_64\bin\verify.dll

dbghelp: loaded successfully - version: 4.0.5 - missing functions: none
symbol engine: initialized successfully - sym options: 0x614 - pdb path: .;c:\Users\lauri\.vscode\extensions\redhat.java-1.4.0\jre\17.0.2-win32-x86_64\bin;C:\WINDOWS\SYSTEM32;C:\WINDOWS\WinSxS\amd64_microsoft.windows.common-controls_6595b64144ccf1df_6.0.22000.120_none_9d947278b86cc467;c:\Users\lauri\.vscode\extensions\redhat.java-1.4.0\jre\17.0.2-win32-x86_64\bin\server;C:\Users\lauri\AppData\Roaming\Code\User\globalStorage\redhat.java\1.4.0\config_win\org.eclipse.equinox.launcher\org.eclipse.equinox.launcher.win32.win32.x86_64_1.2.400.v20211117-0650

VM Arguments:
jvm_args: --add-modules=ALL-SYSTEM --add-opens=java.base/java.util=ALL-UNNAMED --add-opens=java.base/java.lang=ALL-UNNAMED --add-opens=java.base/sun.nio.fs=ALL-UNNAMED -Declipse.application=org.eclipse.jdt.ls.core.id1 -Dosgi.bundles.defaultStartLevel=4 -Declipse.product=org.eclipse.jdt.ls.core.product -Djava.import.generatesMetadataFilesAtProjectRoot=false -Dfile.encoding=utf8 -DwatchParentProcess=false -XX:+UseParallelGC -XX:GCTimeRatio=4 -XX:AdaptiveSizePolicyWeight=90 -Dsun.zip.disableMemoryMapping=true -Xmx1G -Xms100m -XX:+HeapDumpOnOutOfMemoryError -XX:HeapDumpPath=c:\Users\lauri\AppData\Roaming\Code\User\workspaceStorage\e2ebd7e37644e5886e7b1f6496473b5b\redhat.java 
java_command: c:\Users\lauri\.vscode\extensions\redhat.java-1.4.0\server\plugins\org.eclipse.equinox.launcher_1.6.400.v20210924-0641.jar -configuration c:\Users\lauri\AppData\Roaming\Code\User\globalStorage\redhat.java\1.4.0\config_win -data c:\Users\lauri\AppData\Roaming\Code\User\workspaceStorage\e2ebd7e37644e5886e7b1f6496473b5b\redhat.java\jdt_ws
java_class_path (initial): c:\Users\lauri\.vscode\extensions\redhat.java-1.4.0\server\plugins\org.eclipse.equinox.launcher_1.6.400.v20210924-0641.jar
Launcher Type: SUN_STANDARD

[Global flags]
    uintx AdaptiveSizePolicyWeight                 = 90                                        {product} {command line}
     intx CICompilerCount                          = 4                                         {product} {ergonomic}
    uintx GCTimeRatio                              = 4                                         {product} {command line}
     bool HeapDumpOnOutOfMemoryError               = true                                   {manageable} {command line}
    ccstr HeapDumpPath                             = c:\Users\lauri\AppData\Roaming\Code\User\workspaceStorage\e2ebd7e37644e5886e7b1f6496473b5b\redhat.java         {manageable} {command line}
   size_t InitialHeapSize                          = 104857600                                 {product} {command line}
   size_t MaxHeapSize                              = 1073741824                                {product} {command line}
   size_t MaxNewSize                               = 357564416                                 {product} {ergonomic}
   size_t MinHeapDeltaBytes                        = 524288                                    {product} {ergonomic}
   size_t MinHeapSize                              = 104857600                                 {product} {command line}
   size_t NewSize                                  = 34603008                                  {product} {ergonomic}
    uintx NonNMethodCodeHeapSize                   = 5839372                                {pd product} {ergonomic}
    uintx NonProfiledCodeHeapSize                  = 122909434                              {pd product} {ergonomic}
   size_t OldSize                                  = 70254592                                  {product} {ergonomic}
    uintx ProfiledCodeHeapSize                     = 122909434                              {pd product} {ergonomic}
    uintx ReservedCodeCacheSize                    = 251658240                              {pd product} {ergonomic}
     bool SegmentedCodeCache                       = true                                      {product} {ergonomic}
   size_t SoftMaxHeapSize                          = 1073741824                             {manageable} {ergonomic}
     bool UseCompressedClassPointers               = true                           {product lp64_product} {ergonomic}
     bool UseCompressedOops                        = true                           {product lp64_product} {ergonomic}
     bool UseLargePagesIndividualAllocation        = false                                  {pd product} {ergonomic}
     bool UseParallelGC                            = true                                      {product} {command line}

Logging:
Log output configuration:
 #0: stdout all=warning uptime,level,tags
 #1: stderr all=off uptime,level,tags

Environment Variables:
JAVA_HOME=C:\Program Files\Java\jdk-17.0.1\
PATH=C:\Program Files\Common Files\Oracle\Java\javapath;C:\Program Files (x86)\Common Files\Oracle\Java\javapath;C:\ProgramData\Oracle\Java\javapath;C:\WINDOWS\system32;C:\WINDOWS;C:\WINDOWS\System32\Wbem;C:\WINDOWS\System32\WindowsPowerShell\v1.0\;C:\WINDOWS\System32\OpenSSH\;C:\Users\lauri\AppData\Local\Programs\Python\Python38-32;D:\Program Files\Git\cmd;D:\Program Files\Nodejs\;C:\Program Files\Docker\Docker\resources\bin;C:\ProgramData\DockerDesktop\version-bin;C:\Users\lauri\AppData\Local\Programs\Python\Python38-32\Scripts\;C:\Users\lauri\AppData\Local\Programs\Python\Python38-32\;C:\Program Files\MySQL\MySQL Shell 8.0\bin\;C:\Users\lauri\AppData\Local\Microsoft\WindowsApps;C:\Users\lauri\AppData\Local\Programs\Microsoft VS Code\bin;D:\Program Files\heroku\bin;C:\Users\lauri\AppData\Roaming\npm;C:\Program Files\apache-maven-3.8.3\bin;"C:\Program Files\apache-maven-3.8.3\bin;C:\Program Files\Common Files\Oracle\Java\javapath;C:\Program Files (x86)\Common Files\Oracle\Java\javapath;C:\ProgramData\Oracle\Java\javapath;C:\WINDOWS\system32;C:\WINDOWS;C:\WINDOWS\System32\Wbem;C:\WINDOWS\System32\WindowsPowerShell\v1.0\;C:\WINDOWS\System32\OpenSSH\;C:\Users\lauri\AppData\Local\Programs\Python\Python38-32;D:\Program Files\Git\cmd;D:\Program Files\Nodejs\;C:\Program Files\Docker\Docker\resources\bin;C:\ProgramData\DockerDesktop\version-bin";D:\Program Files\IntelliJ IDEA 2021.2.3\bin;;C:\Program Files\Common Files\Oracle\Java\javapath;
USERNAME=lauri
OS=Windows_NT
PROCESSOR_IDENTIFIER=AMD64 Family 23 Model 24 Stepping 1, AuthenticAMD



---------------  S Y S T E M  ---------------

OS:
 Windows 11 , 64 bit Build 22000 (10.0.22000.434)
OS uptime: 12 days 5:48 hours
Hyper-V role detected

CPU: total 8 (initial active 8) (8 cores per cpu, 2 threads per core) family 23 model 24 stepping 1 microcode 0x0, cx8, cmov, fxsr, ht, mmx, 3dnowpref, sse, sse2, sse3, ssse3, sse4a, sse4.1, sse4.2, popcnt, lzcnt, tsc, tscinvbit, avx, avx2, aes, clmul, bmi1, bmi2, adx, sha, fma, vzeroupper, clflush, clflushopt, hv

Memory: 4k page, system-wide physical 6030M (271M free)
TotalPageFile size 21370M (AvailPageFile size 2M)
current process WorkingSet (physical memory assigned to process): 125M, peak: 125M
current process commit charge ("private bytes"): 229M, peak: 229M

vm_info: OpenJDK 64-Bit Server VM (17.0.2+8) for windows-amd64 JRE (17.0.2+8), built on Jan 20 2022 04:52:34 by "" with MS VC++ 16.7 (VS2019)

END.
